<?xml version="1.0" encoding="UTF-8"?>
<testng-results ignored="1" total="2" passed="1" failed="0" skipped="0">
  <reporter-output>
  </reporter-output>
  <suite started-at="2021-02-20T16:07:45 IST" name="Default suite" finished-at="2021-02-20T16:07:53 IST" duration-ms="8341">
    <groups>
    </groups>
    <test started-at="2021-02-20T16:07:45 IST" name="Default test" finished-at="2021-02-20T16:07:53 IST" duration-ms="8341">
      <class name="Lesson2.Test3">
        <test-method is-config="true" signature="c()[pri:0, instance:Lesson2.Test3@fa36558]" started-at="2021-02-20T16:07:45 IST" name="c" finished-at="2021-02-20T16:07:47 IST" duration-ms="1942" status="PASS">
          <reporter-output>
          </reporter-output>
        </test-method> <!-- c -->
        <test-method is-config="true" signature="launchbrowser()[pri:0, instance:Lesson2.Test3@fa36558]" started-at="2021-02-20T16:07:47 IST" name="launchbrowser" finished-at="2021-02-20T16:07:53 IST" duration-ms="5701" status="PASS">
          <reporter-output>
          </reporter-output>
        </test-method> <!-- launchbrowser -->
        <test-method signature="s()[pri:0, instance:Lesson2.Test3@fa36558]" started-at="2021-02-20T16:07:53 IST" name="s" finished-at="2021-02-20T16:07:53 IST" duration-ms="29" status="PASS">
          <reporter-output>
          </reporter-output>
        </test-method> <!-- s -->
        <test-method is-config="true" signature="afterClass()[pri:0, instance:Lesson2.Test3@fa36558]" started-at="2021-02-20T16:07:53 IST" name="afterClass" finished-at="2021-02-20T16:07:53 IST" duration-ms="643" status="PASS">
          <reporter-output>
          </reporter-output>
        </test-method> <!-- afterClass -->
      </class> <!-- Lesson2.Test3 -->
    </test> <!-- Default test -->
  </suite> <!-- Default suite -->
</testng-results>
